<?xml version="1.0" encoding="UTF-8"?>
<testsuite xmlns:xsi="http://www.w3.org/2001/XMLSchema-instance" xsi:noNamespaceSchemaLocation="https://maven.apache.org/surefire/maven-surefire-plugin/xsd/surefire-test-report.xsd" name="com.demo.spring.OwnerServiceValidPetRestControllerTest" time="4.522" tests="7" errors="0" skipped="0" failures="0">
  <properties>
[...]
</properties>
  <testcase name="testgetAllValidPets" classname="com.demo.spring.OwnerServiceValidPetRestControllerTest" time="0.014"/>
  <testcase name="testNegativeDeleteValidPetById" classname="com.demo.spring.OwnerServiceValidPetRestControllerTest" time="0.011"/>
  <testcase name="negativeTestUpdateValidPetById" classname="com.demo.spring.OwnerServiceValidPetRestControllerTest" time="0.016"/>
  <testcase name="testDeleteValidPetById" classname="com.demo.spring.OwnerServiceValidPetRestControllerTest" time="0.007"/>
  <testcase name="testUpdateValidPetById" classname="com.demo.spring.OwnerServiceValidPetRestControllerTest" time="0.008"/>
  <testcase name="testEmptyTypeAddValidPet" classname="com.demo.spring.OwnerServiceValidPetRestControllerTest" time="0.011"/>
  <testcase name="testAddValidPet" classname="com.demo.spring.OwnerServiceValidPetRestControllerTest" time="0.007"/>
</testsuite>